[2023-07-07 15:36:19,387 : INFO : main ]:  [main]: log init OK
[2023-07-07 15:36:19,387 : INFO : main ]:  [main]: telegram cfg init OK
[2023-07-07 15:36:19,388 : WARNING : main ]:  Warning - channel [1526567406] setting missing the "monitor_edited_filter_str" param
[2023-07-07 15:38:34,827 : INFO : main ]:  [main]: log init OK
[2023-07-07 15:38:34,828 : INFO : main ]:  [main]: telegram cfg init OK
[2023-07-07 15:39:04,365 : INFO : main ]:  [main]: log init OK
[2023-07-07 15:39:04,365 : INFO : main ]:  [main]: telegram cfg init OK
[2023-07-07 15:39:04,365 : INFO : main ]:  [main]: channels data init OK
[2023-07-07 15:40:39,785 : INFO : main ]:  [main]: log init OK
[2023-07-07 15:40:39,786 : INFO : main ]:  [main]: telegram cfg init OK
[2023-07-07 15:40:39,786 : INFO : main ]:  [main]: channels data init OK
[2023-07-07 15:40:52,866 : INFO : main ]:  [main]: log init OK
[2023-07-07 15:40:52,866 : INFO : main ]:  [main]: telegram cfg init OK
[2023-07-07 15:40:52,867 : INFO : main ]:  [main]: channels data init OK
[2023-07-07 15:41:22,688 : INFO : main ]:  [main]: log init OK
[2023-07-07 15:41:22,688 : INFO : main ]:  [main]: telegram cfg init OK
[2023-07-07 15:41:22,688 : INFO : main ]:  [main]: channels data init OK
[2023-07-07 15:41:35,473 : INFO : main ]:  [main]: log init OK
[2023-07-07 15:41:35,473 : INFO : main ]:  [main]: telegram cfg init OK
[2023-07-07 15:41:35,473 : INFO : main ]:  [main]: channels data init OK
[2023-07-07 15:41:55,177 : INFO : main ]:  [main]: log init OK
[2023-07-07 15:41:55,178 : INFO : main ]:  [main]: telegram cfg init OK
[2023-07-07 15:41:55,178 : INFO : main ]:  [main]: channels data init OK
[2023-07-07 16:35:44,923 : INFO : main ]:  [main]: log init OK
[2023-07-07 16:35:44,924 : INFO : main ]:  [main]: telegram cfg init OK
[2023-07-07 16:35:44,924 : INFO : main ]:  [main]: channels data init OK
[2023-07-07 16:35:58,704 : INFO : main ]:  [main]: log init OK
[2023-07-07 16:35:58,705 : INFO : main ]:  [main]: telegram cfg init OK
[2023-07-07 16:36:38,896 : INFO : main ]:  [main]: log init OK
[2023-07-07 16:36:38,896 : INFO : main ]:  [main]: telegram cfg init OK
[2023-07-07 16:36:38,896 : INFO : main ]:  [main]: channels data init OK
[2023-07-07 16:37:55,315 : INFO : main ]:  [main]: log init OK
[2023-07-07 16:37:55,316 : INFO : main ]:  [main]: telegram cfg init OK
[2023-07-07 16:37:55,316 : INFO : main ]:  [main]: channels data init OK
[2023-07-07 16:46:17,407 : INFO : main ]:  [main]: log init OK
[2023-07-07 16:46:17,408 : INFO : main ]:  [main]: telegram cfg init OK
[2023-07-07 16:46:17,408 : INFO : main ]:  [main]: channels data init OK
[2023-07-07 17:04:11,941 : INFO : main ]:  [main]: log init OK
[2023-07-07 17:04:11,942 : INFO : main ]:  [main]: telegram cfg init OK
[2023-07-07 17:04:11,942 : INFO : main ]:  [main]: channels data init OK
[2023-07-07 17:07:07,630 : INFO : main ]:  [main]: SESSION START - log init OK
[2023-07-07 17:07:07,631 : INFO : main ]:  [main]: telegram cfg init OK
[2023-07-07 17:07:07,631 : INFO : main ]:  [main]: channels data init OK
[2023-07-07 17:24:53,637 : INFO : main ]:  [main]: [SESSION START] - log init OK
[2023-07-07 17:24:53,637 : INFO : main ]:  [main]: telegram cfg init OK
[2023-07-07 17:24:53,637 : INFO : main ]:  [1] GROUP: TEST_SIGNALS

[2023-07-07 17:24:53,637 : INFO : main ]:      [1] MAP for chat [ TMMT-1 (1526567406) ] OK
[2023-07-07 17:24:53,637 : INFO : main ]:  [main]: channels data init OK - total chats to monitor 1
[2023-07-07 17:25:45,157 : INFO : main ]:  [main]: [SESSION START] - log init OK
[2023-07-07 17:25:45,158 : INFO : main ]:  [main]: telegram cfg init OK
[2023-07-07 17:25:45,158 : INFO : main ]:  [1] GROUP: TEST_SIGNALS

[2023-07-07 17:25:45,158 : INFO : main ]:      [1] MAP for chat [ TMMT-1 (1526567406) ] OK
[2023-07-07 17:25:45,158 : INFO : main ]:  [main]: channels data init OK - total chats to monitor 1
[2023-07-07 17:26:19,920 : INFO : main ]:  [main]: [SESSION START] - log init OK
[2023-07-07 17:26:19,921 : INFO : main ]:  [main]: telegram cfg init OK
[2023-07-07 17:26:19,921 : INFO : main ]:  [1] GROUP: TEST_SIGNALS

[2023-07-07 17:26:19,921 : INFO : main ]:      [1] MAP for chat [ TMMT-1 (1526567406) ] OK
[2023-07-07 17:26:19,921 : INFO : main ]:  [main]: channels data init OK - total chats to monitor 1
[2023-07-07 17:43:37,240 : INFO : main ]:  [main]: [SESSION START] - log init OK
[2023-07-07 17:43:37,240 : INFO : main ]:  [main]: telegram cfg init OK
[2023-07-07 17:43:37,240 : INFO : main ]:  [1] GROUP: TEST_SIGNALS

[2023-07-07 17:43:37,241 : INFO : main ]:      [1] MAP for chat [ TMMT-1 (1526567406) ] OK
[2023-07-07 17:43:37,241 : INFO : main ]:  [main]: channels data init OK - total chats to monitor 1
[2023-07-07 18:56:26,224 : INFO : main ]:  [main]: [SESSION START] - log init OK
[2023-07-07 18:56:26,224 : INFO : main ]:  [main]: telegram cfg init OK
[2023-07-07 18:56:26,224 : INFO : main ]:  [1] GROUP: TEST_SIGNALS

[2023-07-07 18:56:26,224 : INFO : main ]:      [1] MAP for chat [ TMMT-1 (1526567406) ] OK
[2023-07-07 18:56:26,225 : INFO : main ]:  [main]: channels data init OK - total chats to monitor 1
[2023-07-07 18:56:26,260 : INFO : main ]:  [main]: Telegram Client connected: False
[2023-07-07 18:56:26,595 : ERROR : main ]:  [main]: Warning - Telegram Client not authorized or not connected
NoneType: None
[2023-07-07 19:07:04,328 : INFO : main ]:  [main]: [SESSION START] - log init OK
[2023-07-07 19:07:04,329 : INFO : main ]:  [main]: telegram cfg init OK
[2023-07-07 19:07:04,329 : INFO : main ]:  [1] GROUP: TEST_SIGNALS

[2023-07-07 19:07:04,329 : INFO : main ]:      [1] MAP for chat [ TMMT-1 (1526567406) ] OK
[2023-07-07 19:07:04,330 : INFO : main ]:  [main]: channels data init OK - total chats to monitor 1
[2023-07-07 19:09:42,651 : INFO : main ]:  [main]: [SESSION START] - log init OK
[2023-07-07 19:09:42,652 : INFO : main ]:  [main]: telegram cfg init OK
[2023-07-07 19:09:42,652 : INFO : main ]:  [1] GROUP: TEST_SIGNALS

[2023-07-07 19:09:42,652 : INFO : main ]:      [1] MAP for chat [ TMMT-1 (1526567406) ] OK
[2023-07-07 19:09:42,652 : INFO : main ]:  [main]: channels data init OK - total chats to monitor 1
[2023-07-07 19:10:08,481 : INFO : main ]:  [main]: [SESSION START] - log init OK
[2023-07-07 19:10:08,482 : INFO : main ]:  [main]: telegram cfg init OK
[2023-07-07 19:10:08,482 : INFO : main ]:  [1] GROUP: TEST_SIGNALS

[2023-07-07 19:10:08,482 : INFO : main ]:      [1] MAP for chat [ TMMT-1 (1526567406) ] OK
[2023-07-07 19:10:08,482 : INFO : main ]:  [main]: channels data init OK - total chats to monitor 1
[2023-07-07 19:10:36,996 : INFO : main ]:  [main]: [SESSION START] - log init OK
[2023-07-07 19:10:36,997 : INFO : main ]:  [main]: telegram cfg init OK
[2023-07-07 19:10:36,997 : INFO : main ]:  [1] GROUP: TEST_SIGNALS

[2023-07-07 19:10:36,997 : INFO : main ]:      [1] MAP for chat [ TMMT-1 (1526567406) ] OK
[2023-07-07 19:10:36,998 : INFO : main ]:  [main]: channels data init OK - total chats to monitor 1
[2023-07-07 19:10:37,003 : INFO : main ]:  [main]: Telegram Client connected: False
[2023-07-07 19:10:37,148 : ERROR : main ]:  [main]: Warning - Telegram Client not authorized or not connected
NoneType: None
[2023-07-07 19:11:35,312 : INFO : main ]:  [main]: [SESSION START] - log init OK
[2023-07-07 19:11:35,313 : INFO : main ]:  [main]: telegram cfg init OK
[2023-07-07 19:11:35,313 : INFO : main ]:  [1] GROUP: TEST_SIGNALS

[2023-07-07 19:11:35,313 : INFO : main ]:      [1] MAP for chat [ TMMT-1 (1526567406) ] OK
[2023-07-07 19:11:35,313 : INFO : main ]:  [main]: channels data init OK - total chats to monitor 1
[2023-07-07 19:11:35,777 : INFO : main ]:  [main]: Telegram Client connected: True
[2023-07-07 19:11:35,777 : INFO : main ]:  [main]: telegram client init OK
[2023-07-07 19:11:35,777 : INFO : main ]:  [main]: channels peer obj init OK
[2023-07-07 19:15:13,764 : INFO : main ]:  [main]: [SESSION START] - log init OK
[2023-07-07 19:15:13,765 : INFO : main ]:  [main]: telegram cfg init OK
[2023-07-07 19:15:13,765 : INFO : main ]:  [1] GROUP: TEST_SIGNALS

[2023-07-07 19:15:13,765 : INFO : main ]:      [1] MAP for chat [ TMMT-1 (1526567406) ] OK
[2023-07-07 19:15:13,765 : INFO : main ]:  [main]: channels data init OK - total chats to monitor 1
[2023-07-07 19:16:14,485 : INFO : main ]:  [main]: [SESSION START] - log init OK
[2023-07-07 19:16:14,486 : INFO : main ]:  [main]: telegram cfg init OK
[2023-07-07 19:16:14,486 : INFO : main ]:  [1] GROUP: TEST_SIGNALS

[2023-07-07 19:16:14,486 : INFO : main ]:      [1] MAP for chat [ TMMT-1 (1526567406) ] OK
[2023-07-07 19:16:14,486 : INFO : main ]:  [main]: channels data init OK - total chats to monitor 1
[2023-07-07 19:16:14,962 : INFO : main ]:  [main]: telegram client init OK
[2023-07-07 19:16:14,962 : INFO : main ]:  [main]: channels peer obj init OK
[2023-07-07 19:19:16,007 : INFO : main ]:  [main]: [SESSION START] - log init OK
[2023-07-07 19:19:16,008 : INFO : main ]:  [main]: telegram cfg init OK
[2023-07-07 19:19:16,008 : INFO : main ]:  [1] GROUP: TEST_SIGNALS

[2023-07-07 19:19:16,008 : INFO : main ]:      [1] MAP for chat [ TMMT-1 (1526567406) ] OK
[2023-07-07 19:19:16,008 : INFO : main ]:  [main]: channels data init OK - total chats to monitor 1
[2023-07-07 19:19:16,421 : INFO : main ]:  [main]: telegram client init OK
[2023-07-07 19:19:16,421 : INFO : main ]:  [main]: channels peer obj init OK
[2023-07-07 19:27:32,054 : INFO : main ]:  [main]: [SESSION START] - log init OK
[2023-07-07 19:27:32,054 : INFO : main ]:  [main]: telegram cfg init OK
[2023-07-07 19:27:32,054 : INFO : main ]:  [1] GROUP: TEST_SIGNALS

[2023-07-07 19:27:32,054 : INFO : main ]:      [1] MAP for chat [ TMMT-1 (1526567406) ] OK
[2023-07-07 19:27:32,054 : INFO : main ]:  [main]: channels data init OK - total chats to monitor 1
[2023-07-07 19:27:32,501 : INFO : main ]:  [main]: telegram client init OK
[2023-07-07 19:27:32,501 : INFO : main ]:  [main]: channels peer obj init OK
[2023-07-07 20:16:31,777 : INFO : main ]:  [main]: [SESSION START] - log init OK
[2023-07-07 20:16:31,777 : INFO : main ]:  [main]: telegram cfg init OK
[2023-07-07 20:16:31,777 : INFO : main ]:  [1] GROUP: TEST_SIGNALS

[2023-07-07 20:16:31,778 : INFO : main ]:      [1] MAP for chat [ TMMT-1 (1526567406) ] OK
[2023-07-07 20:16:31,778 : INFO : main ]:  [main]: channels data init OK - total chats to monitor 1
[2023-07-07 20:16:32,214 : INFO : main ]:  [main]: telegram client init OK
[2023-07-07 20:16:32,214 : INFO : main ]:  [main]: channels peer obj init OK
[2023-07-07 20:20:30,448 : INFO : main ]:  [main]: [SESSION START] - log init OK
[2023-07-07 20:20:30,448 : INFO : main ]:  [main]: telegram cfg init OK
[2023-07-07 20:20:30,448 : INFO : main ]:  [1] GROUP: TEST_SIGNALS

[2023-07-07 20:20:30,449 : INFO : main ]:      [1] MAP for chat [ TMMT-1 (1526567406) ] OK
[2023-07-07 20:20:30,449 : INFO : main ]:  [main]: channels data init OK - total chats to monitor 1
[2023-07-07 20:20:31,122 : INFO : main ]:  [main]: telegram client init OK
[2023-07-07 20:20:31,122 : INFO : main ]:  [main]: channels peer obj init OK
[2023-07-07 20:21:18,404 : INFO : main ]:  [main]: [SESSION START] - log init OK
[2023-07-07 20:21:18,405 : INFO : main ]:  [main]: telegram cfg init OK
[2023-07-07 20:21:18,405 : INFO : main ]:  [1] GROUP: TEST_SIGNALS

[2023-07-07 20:21:18,405 : INFO : main ]:      [1] MAP for chat [ TMMT-1 (1526567406) ] OK
[2023-07-07 20:21:18,406 : INFO : main ]:  [main]: channels data init OK - total chats to monitor 1
[2023-07-07 20:21:18,846 : INFO : main ]:  [main]: telegram client init OK
[2023-07-07 20:21:18,846 : INFO : main ]:  [main]: channels peer obj init OK
[2023-07-07 20:22:22,948 : INFO : main ]:  [main]: [SESSION START] - log init OK
[2023-07-07 20:22:22,948 : INFO : main ]:  [main]: telegram cfg init OK
[2023-07-07 20:22:22,949 : INFO : main ]:  [1] GROUP: TEST_SIGNALS

[2023-07-07 20:22:22,949 : INFO : main ]:      [1] MAP for chat [ TMMT-1 (1526567406) ] OK
[2023-07-07 20:22:22,949 : INFO : main ]:  [main]: channels data init OK - total chats to monitor 1
[2023-07-07 20:22:23,387 : INFO : main ]:  [main]: telegram client init OK
[2023-07-07 20:22:23,387 : INFO : main ]:  [main]: channels peer obj init OK
[2023-07-07 20:27:34,691 : INFO : main ]:  [main]: [SESSION START] - log init OK
[2023-07-07 20:27:34,691 : INFO : main ]:  [main]: telegram cfg init OK
[2023-07-07 20:27:34,691 : INFO : main ]:  [1] GROUP: TEST_SIGNALS

[2023-07-07 20:27:34,692 : INFO : main ]:      [1] MAP for chat [ TMMT-1 (1526567406) ] OK
[2023-07-07 20:27:34,692 : INFO : main ]:  [main]: channels data init OK - total chats to monitor 1
[2023-07-07 20:27:35,556 : INFO : main ]:  [main]: telegram client init OK
[2023-07-07 20:27:35,556 : INFO : main ]:  [main]: channels peer obj init OK
[2023-07-07 21:15:43,016 : INFO : main ]:  [main]: [SESSION START] - log init OK
[2023-07-07 21:15:43,016 : INFO : main ]:  [main]: telegram cfg init OK
[2023-07-07 21:15:43,017 : INFO : main ]:  [1] GROUP: TEST_SIGNALS

[2023-07-07 21:15:43,017 : INFO : main ]:      [1] MAP for chat [ TMMT-1 (1526567406) ] OK
[2023-07-07 21:15:43,017 : INFO : main ]:  [main]: channels data init OK - total chats to monitor 1
[2023-07-07 21:15:43,520 : INFO : main ]:  [main]: telegram client init OK
[2023-07-07 21:16:23,288 : INFO : main ]:  [main]: [SESSION START] - log init OK
[2023-07-07 21:16:23,288 : INFO : main ]:  [main]: telegram cfg init OK
[2023-07-07 21:16:23,289 : INFO : main ]:  [1] GROUP: TEST_SIGNALS

[2023-07-07 21:16:23,289 : INFO : main ]:      [1] MAP for chat [ TMMT-1 (1526567406) ] OK
[2023-07-07 21:16:23,289 : INFO : main ]:  [main]: channels data init OK - total chats to monitor 1
[2023-07-07 21:16:24,229 : INFO : main ]:  [main]: telegram client init OK
[2023-07-07 21:18:23,248 : INFO : main ]:  [main]: [SESSION START] - log init OK
[2023-07-07 21:18:23,248 : INFO : main ]:  [main]: telegram cfg init OK
[2023-07-07 21:18:23,248 : INFO : main ]:  [1] GROUP: TEST_SIGNALS

[2023-07-07 21:18:23,249 : INFO : main ]:      [1] MAP for chat [ TMMT-1 (1526567406) ] OK
[2023-07-07 21:18:23,249 : INFO : main ]:  [main]: channels data init OK - total chats to monitor 1
[2023-07-07 21:18:23,766 : INFO : main ]:  [main]: telegram client init OK
[2023-07-07 21:18:24,064 : INFO : main ]:  [main]: channels peer obj init OK
[2023-07-07 21:43:09,213 : INFO : main ]:  [main]: [SESSION START] - log init OK
[2023-07-07 21:43:09,213 : INFO : main ]:  [main]: telegram cfg init OK
[2023-07-07 21:43:09,214 : INFO : main ]:  [1] GROUP: TEST_SIGNALS

[2023-07-07 21:43:09,214 : INFO : main ]:      [1] MAP for chat [ TMMT-1 (1526567406) ] OK
[2023-07-07 21:43:09,214 : INFO : main ]:  [main]: channels data init OK - total chats to monitor 1
[2023-07-07 21:43:09,779 : INFO : main ]:  [main]: telegram client init OK
[2023-07-07 21:56:44,957 : INFO : main ]:  [main]: [SESSION START] - log init OK
[2023-07-07 21:56:44,958 : INFO : main ]:  [main]: telegram cfg init OK
[2023-07-07 21:56:44,958 : INFO : main ]:  [1] GROUP: TEST_SIGNALS

[2023-07-07 21:56:44,958 : INFO : main ]:      [1] MAP for chat [ TMMT-1 (1526567406) ] OK
[2023-07-07 21:56:44,958 : INFO : main ]:  [main]: channels data init OK - total chats to monitor 1
[2023-07-07 21:56:45,568 : INFO : main ]:  [main]: telegram client init OK
[2023-07-07 22:07:01,641 : INFO : main ]:  [main]: [SESSION START] - log init OK
[2023-07-07 22:07:01,641 : INFO : main ]:  [main]: telegram cfg init OK
[2023-07-07 22:07:01,642 : INFO : main ]:  [1] GROUP: TEST_SIGNALS

[2023-07-07 22:07:01,642 : INFO : main ]:      [1] MAP for chat [ TMMT-1 (1526567406) ] OK
[2023-07-07 22:07:01,642 : INFO : main ]:  [main]: channels data init OK - total chats to monitor 1
[2023-07-07 22:07:02,174 : INFO : main ]:  [main]: telegram client init OK
[2023-07-07 22:07:02,174 : INFO : main ]:  [main]: channels peer obj init OK
[2023-07-07 22:13:41,798 : INFO : main ]:  [main]: [SESSION START] - log init OK
[2023-07-07 22:13:41,799 : INFO : main ]:  [main]: telegram cfg init OK
[2023-07-07 22:13:41,799 : INFO : main ]:  [1] GROUP: TEST_SIGNALS

[2023-07-07 22:13:41,799 : INFO : main ]:      [1] MAP for chat [ TMMT-1 (1526567406) ] OK
[2023-07-07 22:13:41,799 : INFO : main ]:  [main]: channels data init OK - total chats to monitor 1
[2023-07-07 22:13:42,226 : INFO : main ]:  [main]: telegram client init OK
[2023-07-08 00:07:59,485 : INFO : main ]:  [main]: [SESSION START] - log init OK
[2023-07-08 00:07:59,485 : ERROR : main ]:  [json_read_to_obj]: Exception reading settings/telegram_config.json: Expecting property name enclosed in double quotes: line 27 column 2 (char 502)
NoneType: None
[2023-07-08 00:08:33,994 : INFO : main ]:  [main]: [SESSION START] - log init OK
[2023-07-08 00:08:33,994 : INFO : main ]:  [main]: telegram cfg init OK
[2023-07-08 00:08:33,994 : INFO : main ]:  [1] GROUP: TEST_SIGNALS

[2023-07-08 00:08:33,995 : INFO : main ]:      [1] MAP for chat [ TMMT-1 (1526567406) ] OK
[2023-07-08 00:08:33,995 : INFO : main ]:  [main]: channels data init OK - total chats to monitor 1
[2023-07-08 00:08:34,441 : INFO : main ]:  [main]: telegram client init OK
[2023-07-08 00:10:42,993 : INFO : main ]:  [main]: [SESSION START] - log init OK
[2023-07-08 00:10:42,994 : INFO : main ]:  [main]: telegram cfg init OK
[2023-07-08 00:10:42,994 : INFO : main ]:  [1] GROUP: TEST_SIGNALS

[2023-07-08 00:10:42,994 : INFO : main ]:      [1] MAP for chat [ TMMT-1 (1526567406) ] OK
[2023-07-08 00:10:42,994 : INFO : main ]:  [main]: channels data init OK - total chats to monitor 1
[2023-07-08 00:10:43,630 : INFO : main ]:  [main]: telegram client init OK
[2023-07-08 01:09:39,490 : INFO : main ]:  [main]: [SESSION START] - log init OK
[2023-07-08 01:09:39,491 : INFO : main ]:  [main]: telegram cfg init OK
[2023-07-08 01:09:39,491 : INFO : main ]:  [1] GROUP: TEST_SIGNALS

[2023-07-08 01:09:39,491 : INFO : main ]:      [1] MAP for chat [ TMMT-1 (1526567406) ] OK
[2023-07-08 01:09:39,492 : INFO : main ]:  [main]: channels data init OK - total chats to monitor 1
[2023-07-08 01:09:40,003 : INFO : main ]:  [main]: telegram client init OK
[2023-07-08 01:10:55,801 : INFO : main ]:  [main]: [SESSION START] - log init OK
[2023-07-08 01:10:55,801 : INFO : main ]:  [main]: telegram cfg init OK
[2023-07-08 01:10:55,801 : INFO : main ]:  [1] GROUP: TEST_SIGNALS

[2023-07-08 01:10:55,802 : INFO : main ]:      [1] MAP for chat [ TMMT-1 (1526567406) ] OK
[2023-07-08 01:10:55,802 : INFO : main ]:  [main]: channels data init OK - total chats to monitor 1
[2023-07-08 01:10:56,515 : INFO : main ]:  [main]: telegram client init OK
[2023-07-08 01:13:07,194 : INFO : main ]:  [main]: [SESSION START] - log init OK
[2023-07-08 01:13:07,195 : INFO : main ]:  [main]: telegram cfg init OK
[2023-07-08 01:13:07,195 : INFO : main ]:  [1] GROUP: TEST_SIGNALS

[2023-07-08 01:13:07,195 : INFO : main ]:      [1] MAP for chat [ TMMT-1 (1526567406) ] OK
[2023-07-08 01:13:07,196 : INFO : main ]:  [main]: channels data init OK - total chats to monitor 1
[2023-07-08 01:13:07,607 : INFO : main ]:  [main]: telegram client init OK
[2023-07-08 01:14:56,897 : INFO : main ]:  [main]: [SESSION START] - log init OK
[2023-07-08 01:14:56,897 : INFO : main ]:  [main]: telegram cfg init OK
[2023-07-08 01:14:56,897 : INFO : main ]:  [1] GROUP: TEST_SIGNALS

[2023-07-08 01:14:56,898 : INFO : main ]:      [1] MAP for chat [ TMMT-1 (1526567406) ] OK
[2023-07-08 01:14:56,898 : INFO : main ]:  [main]: channels data init OK - total chats to monitor 1
[2023-07-08 01:14:57,388 : INFO : main ]:  [main]: telegram client init OK
[2023-07-08 01:18:34,125 : INFO : main ]:  [main]: [SESSION START] - log init OK
[2023-07-08 01:18:34,126 : INFO : main ]:  [main]: telegram cfg init OK
[2023-07-08 01:18:34,126 : INFO : main ]:  [1] GROUP: TEST_SIGNALS

[2023-07-08 01:18:34,126 : INFO : main ]:      [1] MAP for chat [ TMMT-1 (1526567406) ] OK
[2023-07-08 01:18:34,126 : INFO : main ]:  [main]: channels data init OK - total chats to monitor 1
[2023-07-08 01:18:34,579 : INFO : main ]:  [main]: telegram client init OK
[2023-07-08 01:19:25,331 : INFO : main ]:  [main]: [SESSION START] - log init OK
[2023-07-08 01:19:25,331 : INFO : main ]:  [main]: telegram cfg init OK
[2023-07-08 01:19:25,331 : INFO : main ]:  [1] GROUP: TEST_SIGNALS

[2023-07-08 01:19:25,332 : INFO : main ]:      [1] MAP for chat [ TMMT-1 (1526567406) ] OK
[2023-07-08 01:19:25,332 : INFO : main ]:  [main]: channels data init OK - total chats to monitor 1
[2023-07-08 01:19:25,790 : INFO : main ]:  [main]: telegram client init OK
[2023-07-08 01:19:53,033 : INFO : main ]:  [main]: [SESSION START] - log init OK
[2023-07-08 01:19:53,034 : INFO : main ]:  [main]: telegram cfg init OK
[2023-07-08 01:19:53,034 : INFO : main ]:  [1] GROUP: TEST_SIGNALS

[2023-07-08 01:19:53,034 : INFO : main ]:      [1] MAP for chat [ TMMT-1 (1526567406) ] OK
[2023-07-08 01:19:53,034 : INFO : main ]:  [main]: channels data init OK - total chats to monitor 1
[2023-07-08 01:19:53,460 : INFO : main ]:  [main]: telegram client init OK
[2023-07-08 01:20:18,824 : INFO : main ]:  [main]: [SESSION START] - log init OK
[2023-07-08 01:20:18,825 : INFO : main ]:  [main]: telegram cfg init OK
[2023-07-08 01:20:18,825 : INFO : main ]:  [1] GROUP: TEST_SIGNALS

[2023-07-08 01:20:18,825 : INFO : main ]:      [1] MAP for chat [ TMMT-1 (1526567406) ] OK
[2023-07-08 01:20:18,825 : INFO : main ]:  [main]: channels data init OK - total chats to monitor 1
[2023-07-08 01:20:19,222 : INFO : main ]:  [main]: telegram client init OK
[2023-07-08 01:24:16,373 : INFO : main ]:  [main]: [SESSION START] - log init OK
[2023-07-08 01:24:16,374 : INFO : main ]:  [main]: telegram cfg init OK
[2023-07-08 01:24:16,374 : INFO : main ]:  [1] GROUP: TEST_SIGNALS

[2023-07-08 01:24:16,374 : INFO : main ]:      [1] MAP for chat [ TMMT-1 (1526567406) ] OK
[2023-07-08 01:24:16,374 : INFO : main ]:  [main]: channels data init OK - total chats to monitor 1
[2023-07-08 01:24:16,809 : INFO : main ]:  [main]: telegram client init OK
[2023-07-08 01:24:46,274 : INFO : main ]:  [main]: [SESSION START] - log init OK
[2023-07-08 01:24:46,274 : INFO : main ]:  [main]: telegram cfg init OK
[2023-07-08 01:24:46,275 : INFO : main ]:  [1] GROUP: TEST_SIGNALS

[2023-07-08 01:24:46,275 : INFO : main ]:      [1] MAP for chat [ TMMT-1 (1526567406) ] OK
[2023-07-08 01:24:46,275 : INFO : main ]:  [main]: channels data init OK - total chats to monitor 1
[2023-07-08 01:24:46,771 : INFO : main ]:  [main]: telegram client init OK
[2023-07-08 01:29:20,138 : INFO : main ]:  [main]: [SESSION START] - log init OK
[2023-07-08 01:29:20,139 : INFO : main ]:  [main]: telegram cfg init OK
[2023-07-08 01:29:20,139 : INFO : main ]:  [1] GROUP: TEST_SIGNALS

[2023-07-08 01:29:20,139 : INFO : main ]:      [1] MAP for chat [ TMMT-1 (1526567406) ] OK
[2023-07-08 01:29:20,139 : INFO : main ]:  [main]: channels data init OK - total chats to monitor 1
[2023-07-08 01:29:21,023 : INFO : main ]:  [main]: telegram client init OK
[2023-07-08 01:30:31,123 : INFO : main ]:  [main]: [SESSION START] - log init OK
[2023-07-08 01:30:31,123 : INFO : main ]:  [main]: telegram cfg init OK
[2023-07-08 01:30:31,123 : INFO : main ]:  [1] GROUP: TEST_SIGNALS

[2023-07-08 01:30:31,124 : INFO : main ]:      [1] MAP for chat [ TMMT-1 (1526567406) ] OK
[2023-07-08 01:30:31,124 : INFO : main ]:  [main]: channels data init OK - total chats to monitor 1
[2023-07-08 01:30:31,650 : INFO : main ]:  [main]: telegram client init OK
[2023-07-08 01:32:09,524 : INFO : main ]:  [main]: [SESSION START] - log init OK
[2023-07-08 01:32:09,524 : INFO : main ]:  [main]: telegram cfg init OK
[2023-07-08 01:32:09,524 : INFO : main ]:  [1] GROUP: TEST_SIGNALS

[2023-07-08 01:32:09,525 : INFO : main ]:      [1] MAP for chat [ TMMT-1 (1526567406) ] OK
[2023-07-08 01:32:09,525 : INFO : main ]:  [main]: channels data init OK - total chats to monitor 1
[2023-07-08 01:32:09,940 : INFO : main ]:  [main]: telegram client init OK
[2023-07-08 01:32:10,115 : INFO : main ]:  [main]: channels peer obj init OK
[2023-07-08 11:40:20,416 : INFO : main ]:  [main]: [SESSION START] - log init OK
[2023-07-08 11:40:20,416 : INFO : main ]:  [main]: telegram cfg init OK
[2023-07-08 11:40:20,416 : INFO : main ]:  [1] GROUP: TEST_SIGNALS

[2023-07-08 11:40:20,417 : INFO : main ]:      [1] MAP for chat [ TMMT-1 (1526567406) ] OK
[2023-07-08 11:40:20,417 : INFO : main ]:  [main]: channels data init OK - total chats to monitor 1
[2023-07-08 11:40:20,833 : INFO : main ]:  [main]: telegram client init OK
[2023-07-08 11:40:21,035 : INFO : main ]:  [main]: channels peer obj init OK
[2023-07-08 11:40:21,035 : DEBUG : main ]:  [main_loop]: message edit check time . . .
[2023-07-08 11:40:40,491 : ERROR : main ]:  Exception - while decoding Message Event. ErrMsg: 'Message' object has no attribute 'message_id'
Traceback (most recent call last):
  File "D:\FREELANCE\UPWORK\TG_MESSAGES_FORWARDER\main.py", line 72, in new_message_handler
    msg_obj["message_id"] = event.message.message_id
AttributeError: 'Message' object has no attribute 'message_id'
[2023-07-08 11:41:17,180 : INFO : main ]:  [main]: [SESSION START] - log init OK
[2023-07-08 11:41:17,181 : INFO : main ]:  [main]: telegram cfg init OK
[2023-07-08 11:41:17,181 : INFO : main ]:  [1] GROUP: TEST_SIGNALS

[2023-07-08 11:41:17,181 : INFO : main ]:      [1] MAP for chat [ TMMT-1 (1526567406) ] OK
[2023-07-08 11:41:17,181 : INFO : main ]:  [main]: channels data init OK - total chats to monitor 1
[2023-07-08 11:41:17,690 : INFO : main ]:  [main]: telegram client init OK
[2023-07-08 11:41:17,902 : INFO : main ]:  [main]: channels peer obj init OK
[2023-07-08 11:41:17,903 : DEBUG : main ]:  [main_loop]: message edit check time . . .
[2023-07-08 11:42:36,497 : INFO : main ]:  [main]: [SESSION START] - log init OK
[2023-07-08 11:42:36,497 : INFO : main ]:  [main]: telegram cfg init OK
[2023-07-08 11:42:36,497 : INFO : main ]:  [1] GROUP: TEST_SIGNALS

[2023-07-08 11:42:36,498 : INFO : main ]:      [1] MAP for chat [ TMMT-1 (1526567406) ] OK
[2023-07-08 11:42:36,498 : INFO : main ]:  [main]: channels data init OK - total chats to monitor 1
[2023-07-08 11:42:37,281 : INFO : main ]:  [main]: telegram client init OK
[2023-07-08 11:42:37,515 : INFO : main ]:  [main]: channels peer obj init OK
[2023-07-08 11:42:37,515 : DEBUG : main ]:  [main_loop]: message edit check time . . .
[2023-07-08 11:42:41,168 : INFO : main ]:  New Message:
{'channel_id': 1526567406, 'message_txt': 'A1', 'message_id': 6827, 'message_media': None, 'message_reply_id': None}
[2023-07-08 11:49:01,077 : INFO : main ]:  [main]: [SESSION START] - log init OK
[2023-07-08 11:49:01,077 : INFO : main ]:  [main]: telegram cfg init OK
[2023-07-08 11:49:01,077 : INFO : main ]:  [1] GROUP: TEST_SIGNALS

[2023-07-08 11:49:01,077 : INFO : main ]:      [1] MAP for chat [ TMMT-1 (1526567406) ] OK
[2023-07-08 11:49:01,078 : INFO : main ]:  [main]: channels data init OK - total chats to monitor 1
[2023-07-08 11:49:01,639 : INFO : main ]:  [main]: telegram client init OK
[2023-07-08 11:49:01,853 : INFO : main ]:  [main]: channels peer obj init OK
[2023-07-08 11:49:01,854 : DEBUG : main ]:  [main_loop]: message edit check time . . .
[2023-07-08 11:49:07,092 : INFO : main ]:  New Message:
{'channel_id': 1526567406, 'message_txt': 'aaa', 'message_id': 6828, 'message_media': None, 'message_reply_id': None}
[2023-07-08 11:49:07,092 : INFO : main ]:  Message [6828] > added to edit monitor list
[2023-07-08 11:50:01,882 : DEBUG : main ]:  [main_loop]: message edit check time . . .
[2023-07-08 11:51:41,349 : INFO : main ]:  [main]: [SESSION START] - log init OK
[2023-07-08 11:51:41,350 : INFO : main ]:  [main]: telegram cfg init OK
[2023-07-08 11:51:41,350 : INFO : main ]:  [1] GROUP: TEST_SIGNALS

[2023-07-08 11:51:41,350 : INFO : main ]:      [1] MAP for chat [ TMMT-1 (1526567406) ] OK
[2023-07-08 11:51:41,350 : INFO : main ]:  [main]: channels data init OK - total chats to monitor 1
[2023-07-08 11:51:41,763 : INFO : main ]:  [main]: telegram client init OK
[2023-07-08 11:51:41,945 : INFO : main ]:  [main]: channels peer obj init OK
[2023-07-08 11:51:41,945 : DEBUG : main ]:  [main_loop]: message edit check time . . .
[2023-07-08 11:51:47,216 : INFO : main ]:  New Message:
{'channel_id': 1526567406, 'message_txt': 'aaa', 'message_id': 6829, 'message_media': None, 'message_reply_id': None}
[2023-07-08 11:51:47,216 : INFO : main ]:  Message [6829] > added to edit monitor list
[2023-07-08 11:51:50,653 : INFO : main ]:  New Message:
{'channel_id': 1526567406, 'message_txt': 'bbb', 'message_id': 6830, 'message_media': None, 'message_reply_id': None}
[2023-07-08 11:51:50,653 : INFO : main ]:  Message [6830] > added to edit monitor list
[2023-07-08 11:51:53,687 : INFO : main ]:  New Message:
{'channel_id': 1526567406, 'message_txt': 'ccc', 'message_id': 6831, 'message_media': None, 'message_reply_id': None}
[2023-07-08 11:51:53,688 : INFO : main ]:  Message [6831] > added to edit monitor list
[2023-07-08 11:52:41,990 : DEBUG : main ]:  [main_loop]: message edit check time . . .
[2023-07-08 11:58:44,839 : INFO : main ]:  [main]: [SESSION START] - log init OK
[2023-07-08 11:58:44,840 : INFO : main ]:  [main]: telegram cfg init OK
[2023-07-08 11:58:44,841 : INFO : main ]:  [1] GROUP: TEST_SIGNALS

[2023-07-08 11:58:44,841 : INFO : main ]:      [1] MAP for chat [ TMMT-1 (1526567406) ] OK
[2023-07-08 11:58:44,841 : INFO : main ]:  [main]: channels data init OK - total chats to monitor 1
[2023-07-08 11:58:45,402 : INFO : main ]:  [main]: telegram client init OK
[2023-07-08 11:58:45,633 : INFO : main ]:  [main]: channels peer obj init OK
[2023-07-08 11:58:45,634 : DEBUG : main ]:  [main_loop]: message edit check time . . .
[2023-07-08 11:58:48,700 : INFO : main ]:  New Message:
{'channel_id': 1526567406, 'message_txt': 'AAA', 'message_id': 6832, 'message_media': None, 'message_reply_id': None}
[2023-07-08 11:58:48,700 : INFO : main ]:  Message [6832] > added to edit monitor list
[2023-07-08 11:58:55,643 : DEBUG : main ]:  [main_loop]: message edit check time . . .
[2023-07-08 12:02:40,176 : INFO : main ]:  [main]: [SESSION START] - log init OK
[2023-07-08 12:02:40,176 : INFO : main ]:  [main]: telegram cfg init OK
[2023-07-08 12:02:40,176 : INFO : main ]:  [1] GROUP: TEST_SIGNALS

[2023-07-08 12:02:40,177 : INFO : main ]:      [1] MAP for chat [ TMMT-1 (1526567406) ] OK
[2023-07-08 12:02:40,177 : INFO : main ]:  [main]: channels data init OK - total chats to monitor 1
[2023-07-08 12:02:40,892 : INFO : main ]:  [main]: telegram client init OK
[2023-07-08 12:02:41,110 : INFO : main ]:  [main]: channels peer obj init OK
[2023-07-08 12:02:41,110 : DEBUG : main ]:  [main_loop]: message edit check time . . .
[2023-07-08 12:02:51,118 : DEBUG : main ]:  [main_loop]: message edit check time . . .
[2023-07-08 12:03:01,124 : DEBUG : main ]:  [main_loop]: message edit check time . . .
[2023-07-08 12:03:35,552 : INFO : main ]:  [main]: [SESSION START] - log init OK
[2023-07-08 12:03:35,552 : INFO : main ]:  [main]: telegram cfg init OK
[2023-07-08 12:03:35,553 : INFO : main ]:  [1] GROUP: TEST_SIGNALS

[2023-07-08 12:03:35,553 : INFO : main ]:      [1] MAP for chat [ TMMT-1 (1526567406) ] OK
[2023-07-08 12:03:35,553 : INFO : main ]:  [main]: channels data init OK - total chats to monitor 1
[2023-07-08 12:03:36,151 : INFO : main ]:  [main]: telegram client init OK
[2023-07-08 12:03:36,587 : INFO : main ]:  [main]: channels peer obj init OK
[2023-07-08 12:03:36,587 : DEBUG : main ]:  [main_loop]: message edit check time . . .
[2023-07-08 12:09:47,969 : INFO : main ]:  [main]: [SESSION START] - log init OK
[2023-07-08 12:09:47,970 : INFO : main ]:  [main]: telegram cfg init OK
[2023-07-08 12:09:47,970 : INFO : main ]:  [1] GROUP: TEST_SIGNALS

[2023-07-08 12:09:47,970 : INFO : main ]:      [1] MAP for chat [ TMMT-1 (1526567406) ] OK
[2023-07-08 12:09:47,970 : INFO : main ]:  [main]: channels data init OK - total chats to monitor 1
[2023-07-08 12:09:48,392 : INFO : main ]:  [main]: telegram client init OK
[2023-07-08 12:09:48,680 : INFO : main ]:  [main]: channels peer obj init OK
[2023-07-08 12:09:48,681 : DEBUG : main ]:  [main_loop]: message edit check time . . .
[2023-07-08 12:09:58,688 : DEBUG : main ]:  [main_loop]: message edit check time . . .
[2023-07-08 12:10:08,695 : DEBUG : main ]:  [main_loop]: message edit check time . . .
[2023-07-08 12:12:46,485 : INFO : main ]:  [main]: [SESSION START] - log init OK
[2023-07-08 12:12:46,485 : INFO : main ]:  [main]: telegram cfg init OK
[2023-07-08 12:12:46,486 : INFO : main ]:  [1] GROUP: TEST_SIGNALS

[2023-07-08 12:12:46,486 : INFO : main ]:      [1] MAP for chat [ TMMT-1 (1526567406) ] OK
[2023-07-08 12:12:46,486 : INFO : main ]:  [main]: channels data init OK - total chats to monitor 1
[2023-07-08 12:12:47,056 : INFO : main ]:  [main]: telegram client init OK
[2023-07-08 12:12:47,288 : INFO : main ]:  [main]: channels peer obj init OK
[2023-07-08 12:12:47,288 : DEBUG : main ]:  [main_loop]: message edit check time . . .
[2023-07-08 12:12:50,922 : INFO : main ]:  New Message:
{'channel_id': 1526567406, 'message_txt': 'AAA', 'message_id': 6833, 'message_media': None, 'message_reply_id': None}
[2023-07-08 12:12:50,922 : INFO : main ]:  Message [6833] > added to edit monitor list
[2023-07-08 12:12:57,302 : DEBUG : main ]:  [main_loop]: message edit check time . . .
[2023-07-08 12:13:07,428 : DEBUG : main ]:  [main_loop]: message edit check time . . .
[2023-07-08 12:13:17,551 : DEBUG : main ]:  [main_loop]: message edit check time . . .
[2023-07-08 12:20:49,457 : INFO : main ]:  [main]: [SESSION START] - log init OK
[2023-07-08 12:20:49,458 : INFO : main ]:  [main]: telegram cfg init OK
[2023-07-08 12:20:49,458 : INFO : main ]:  [1] GROUP: TEST_SIGNALS

[2023-07-08 12:20:49,458 : INFO : main ]:      [1] MAP for chat [ TMMT-1 (1526567406) ] OK
[2023-07-08 12:20:49,458 : INFO : main ]:  [main]: channels data init OK - total chats to monitor 1
[2023-07-08 12:20:50,120 : INFO : main ]:  [main]: telegram client init OK
[2023-07-08 12:20:50,338 : INFO : main ]:  [main]: channels peer obj init OK
[2023-07-08 12:20:50,338 : DEBUG : main ]:  [main_loop]: message edit check time . . .
[2023-07-08 12:20:54,810 : INFO : main ]:  New Message:
{'channel_id': 1526567406, 'message_txt': 'AAA', 'message_id': 6834, 'message_media': None, 'message_reply_id': None}
[2023-07-08 12:20:54,810 : INFO : main ]:  Message [6834] > added to edit monitor list
[2023-07-08 12:21:00,345 : DEBUG : main ]:  [main_loop]: message edit check time . . .
[2023-07-08 12:21:10,531 : DEBUG : main ]:  [main_loop]: message edit check time . . .
[2023-07-08 12:21:21,590 : DEBUG : main ]:  [main_loop]: message edit check time . . .
[2023-07-08 12:21:21,649 : DEBUG : main ]:  [debug]:[edit_monitoring]: Message [6834] > Edited: [2023-07-08 09:21:14+00:00]  |  checks_count = 2
[2023-07-08 12:21:43,960 : INFO : main ]:  [main]: [SESSION START] - log init OK
[2023-07-08 12:21:43,960 : INFO : main ]:  [main]: telegram cfg init OK
[2023-07-08 12:21:43,961 : INFO : main ]:  [1] GROUP: TEST_SIGNALS

[2023-07-08 12:21:43,961 : INFO : main ]:      [1] MAP for chat [ TMMT-1 (1526567406) ] OK
[2023-07-08 12:21:43,961 : INFO : main ]:  [main]: channels data init OK - total chats to monitor 1
[2023-07-08 12:21:44,427 : INFO : main ]:  [main]: telegram client init OK
[2023-07-08 12:21:44,639 : INFO : main ]:  [main]: channels peer obj init OK
[2023-07-08 12:21:44,639 : DEBUG : main ]:  [main_loop]: message edit check time . . .
[2023-07-08 12:21:46,575 : INFO : main ]:  New Message:
{'channel_id': 1526567406, 'message_txt': 'AAA', 'message_id': 6835, 'message_media': None, 'message_reply_id': None}
[2023-07-08 12:21:46,575 : INFO : main ]:  Message [6835] > added to edit monitor list
[2023-07-08 12:21:54,640 : DEBUG : main ]:  [main_loop]: message edit check time . . .
[2023-07-08 12:22:04,712 : DEBUG : main ]:  [main_loop]: message edit check time . . .
[2023-07-08 12:22:04,785 : DEBUG : main ]:  [debug]:[edit_monitoring]: Message [6835] > Edited: [2023-07-08 09:21:55+00:00]  |  checks_count = 1
[2023-07-08 12:22:04,785 : DEBUG : main ]:  [main_loop]: message edit > forwarding edited message [6835] > forward . . .
[2023-07-08 12:22:14,791 : DEBUG : main ]:  [main_loop]: message edit check time . . .
[2023-07-08 12:22:24,798 : DEBUG : main ]:  [main_loop]: message edit check time . . .
[2023-07-08 12:26:13,242 : INFO : main ]:  [main]: [SESSION START] - log init OK
[2023-07-08 12:26:13,243 : INFO : main ]:  [main]: telegram cfg init OK
[2023-07-08 12:26:13,243 : INFO : main ]:  [1] GROUP: TEST_SIGNALS

[2023-07-08 12:26:13,243 : INFO : main ]:      [1] MAP for chat [ TMMT-1 (1526567406) ] OK
[2023-07-08 12:26:13,243 : INFO : main ]:  [main]: channels data init OK - total chats to monitor 1
[2023-07-08 12:26:13,649 : INFO : main ]:  [main]: telegram client init OK
[2023-07-08 12:26:13,830 : INFO : main ]:  [main]: channels peer obj init OK
[2023-07-08 12:26:13,831 : DEBUG : main ]:  [main_loop]: message edit check time . . .
[2023-07-08 12:26:19,602 : INFO : main ]:  New Message:
{'channel_id': 1526567406, 'message_txt': 'AAA', 'message_id': 6836, 'message_media': None, 'message_reply_id': None}
[2023-07-08 12:26:19,602 : INFO : main ]:  Message [6836] > added to edit monitor list
[2023-07-08 12:26:23,839 : DEBUG : main ]:  [main_loop]: message edit check time . . .
[2023-07-08 12:26:33,906 : DEBUG : main ]:  [main_loop]: message edit check time . . .
[2023-07-08 12:26:33,972 : DEBUG : main ]:  [debug]:[edit_monitoring]: Message [6836] > Edited: [2023-07-08 09:26:25+00:00]  |  checks_count = 1
[2023-07-08 12:26:33,972 : DEBUG : main ]:  [main_loop]: message edit > forwarding edited message [6836] > forward . . .
[2023-07-08 12:26:33,972 : INFO : main ]:  Edited Message:
{'channel_id': 1526567406, 'message_txt': 'AAA—111', 'message_id': 6836, 'message_media': None, 'message_reply_id': None, 'checks_count': 1}
[2023-07-08 12:26:43,980 : DEBUG : main ]:  [main_loop]: message edit check time . . .
[2023-07-08 12:33:48,727 : INFO : main ]:  [main]: [SESSION START] - log init OK
[2023-07-08 12:33:48,728 : INFO : main ]:  [main]: telegram cfg init OK
[2023-07-08 12:33:48,728 : INFO : main ]:  [1] GROUP: TEST_SIGNALS

[2023-07-08 12:33:48,728 : INFO : main ]:      [1] MAP for chat [ TMMT-1 (1526567406) ] OK
[2023-07-08 12:33:48,728 : INFO : main ]:  [main]: channels data init OK - total chats to monitor 1
[2023-07-08 12:33:49,195 : INFO : main ]:  [main]: telegram client init OK
[2023-07-08 12:33:49,413 : INFO : main ]:  [main]: channels peer obj init OK
[2023-07-08 12:33:49,413 : DEBUG : main ]:  [main_loop]: message edit check time . . .
[2023-07-08 12:33:54,484 : INFO : main ]:  New Message:
{'channel_id': 1526567406, 'message_txt': 'BBB', 'message_id': 6837, 'message_media': None, 'message_reply_id': None}
[2023-07-08 12:33:54,484 : INFO : main ]:  Message [6837] > added to edit monitor list
[2023-07-08 12:33:59,424 : DEBUG : main ]:  [main_loop]: message edit check time . . .
[2023-07-08 12:34:09,491 : DEBUG : main ]:  [main_loop]: message edit check time . . .
[2023-07-08 12:34:19,710 : DEBUG : main ]:  [main_loop]: message edit check time . . .
[2023-07-08 12:34:19,768 : DEBUG : main ]:  [debug]:[edit_monitoring]: Message [6837] > Edit time: [2023-07-08 09:34:10+00:00]  |  checks_count = 2
[2023-07-08 12:34:19,768 : DEBUG : main ]:  [main_loop]: message edit > forwarding edited message [6837] > forward . . .
[2023-07-08 12:34:19,768 : INFO : main ]:  Edited Message:
{'channel_id': 1526567406, 'message_txt': 'BBB—111', 'message_id': 6837, 'message_media': None, 'message_reply_id': None, 'checks_count': 2}
[2023-07-08 12:34:29,776 : DEBUG : main ]:  [main_loop]: message edit check time . . .
[2023-07-08 13:45:46,234 : INFO : main ]:  [main]: [SESSION START] - log init OK
[2023-07-08 13:45:46,234 : INFO : main ]:  [main]: telegram cfg init OK
[2023-07-08 13:45:46,234 : INFO : main ]:  [1] GROUP: TEST_SIGNALS

[2023-07-08 13:45:46,235 : INFO : main ]:      [1] MAP for chat [ TMMT-1 (1526567406) ] OK
[2023-07-08 13:45:46,235 : INFO : main ]:  [main]: channels data init OK - total chats to monitor 1
[2023-07-08 13:45:46,701 : INFO : main ]:  [main]: telegram client init OK
[2023-07-08 13:45:46,937 : INFO : main ]:  [main]: channels peer obj init OK
[2023-07-08 13:45:46,937 : DEBUG : main ]:  [main_loop]: message edit check time . . .
[2023-07-08 13:45:56,945 : DEBUG : main ]:  [main_loop]: message edit check time . . .
[2023-07-08 13:45:58,915 : INFO : main ]:  New Message:
{'channel_id': 1526567406, 'message_txt': 'AAA', 'message_id': 6838, 'message_media': None, 'message_reply_id': None}
[2023-07-08 13:46:06,955 : DEBUG : main ]:  [main_loop]: message edit check time . . .
[2023-07-08 13:47:23,876 : INFO : main ]:  [main]: [SESSION START] - log init OK
[2023-07-08 13:47:23,876 : INFO : main ]:  [main]: telegram cfg init OK
[2023-07-08 13:47:23,876 : INFO : main ]:  [1] GROUP: TEST_SIGNALS

[2023-07-08 13:47:23,876 : INFO : main ]:      [1] MAP for chat [ TMMT-1 (1526567406) ] OK
[2023-07-08 13:47:23,877 : INFO : main ]:  [main]: channels data init OK - total chats to monitor 1
[2023-07-08 13:47:24,352 : INFO : main ]:  [main]: telegram client init OK
[2023-07-08 13:47:24,569 : INFO : main ]:  [main]: channels peer obj init OK
[2023-07-08 13:47:24,570 : DEBUG : main ]:  [main_loop]: message edit check time . . .
[2023-07-08 13:47:28,895 : INFO : main ]:  New Message:
{'channel_id': 1526567406, 'message_txt': 'AAA', 'message_id': 6839, 'message_media': None, 'message_reply_id': None}
[2023-07-08 13:47:35,562 : DEBUG : main ]:  [main_loop]: message edit check time . . .
[2023-07-08 13:47:45,572 : DEBUG : main ]:  [main_loop]: message edit check time . . .
[2023-07-08 13:47:55,579 : DEBUG : main ]:  [main_loop]: message edit check time . . .
[2023-07-08 13:58:27,643 : INFO : main ]:  [main]: [SESSION START] - log init OK
[2023-07-08 13:58:27,644 : INFO : main ]:  [main]: telegram cfg init OK
[2023-07-08 13:58:27,644 : INFO : main ]:  [1] GROUP: TEST_SIGNALS

[2023-07-08 13:58:27,644 : INFO : main ]:      [1] MAP for chat [ TMMT-1 (1526567406) ] OK
[2023-07-08 13:58:27,644 : INFO : main ]:  [main]: channels data init OK - total chats to monitor 1
[2023-07-08 13:58:28,131 : INFO : main ]:  [main]: telegram client init OK
[2023-07-08 13:58:28,314 : INFO : main ]:  [main]: channels peer obj init OK
[2023-07-08 13:58:28,314 : DEBUG : main ]:  [main_loop]: message edit check time . . .
[2023-07-08 13:58:33,552 : INFO : main ]:  New Message:
{'channel_id': 1526567406, 'message_txt': 'AAA', 'message_id': 6840, 'message_media': None, 'message_reply_id': None}
[2023-07-08 13:58:38,328 : DEBUG : main ]:  [main_loop]: message edit check time . . .
[2023-07-08 13:58:48,335 : DEBUG : main ]:  [main_loop]: message edit check time . . .
[2023-07-08 13:58:49,063 : INFO : main ]:  New Message:
{'channel_id': 1526567406, 'message_txt': 'BBB', 'message_id': 6841, 'message_media': None, 'message_reply_id': None}
[2023-07-08 13:58:58,355 : DEBUG : main ]:  [main_loop]: message edit check time . . .
[2023-07-08 13:58:58,741 : INFO : main ]:  New Message:
{'channel_id': 1526567406, 'message_txt': 'AAA-REPLY', 'message_id': 6842, 'message_media': None, 'message_reply_id': 6840}
[2023-07-08 13:58:58,742 : INFO : main ]:  Message [ReplyType] detected: this message: [6842] ---> replied to: [6840]
[2023-07-08 13:58:58,742 : DEBUG : main ]:  Message [ReplyType]: "replied_message" Chat Entity retrieved success:
Channel(id=1526567406, title='TMMT-1', photo=ChatPhotoEmpty(), date=datetime.datetime(2023, 2, 14, 9, 9, 5, tzinfo=datetime.timezone.utc), creator=False, left=False, broadcast=True, verified=False, megagroup=False, restricted=False, signatures=False, min=False, scam=False, has_link=False, has_geo=False, slowmode_enabled=False, call_active=False, call_not_empty=False, fake=False, gigagroup=False, noforwards=False, join_to_send=False, join_request=False, access_hash=5311451604564770244, username='tmmt1', restriction_reason=[], admin_rights=ChatAdminRights(change_info=True, post_messages=True, edit_messages=True, delete_messages=True, ban_users=True, invite_users=True, pin_messages=False, add_admins=False, anonymous=False, manage_call=True, other=True), banned_rights=None, default_banned_rights=None, participants_count=None)
[2023-07-08 13:58:58,924 : INFO : main ]:  Message [ReplyType]: "replied_message" Message OBJ retrieved success:
Message(id=6842, peer_id=PeerChannel(channel_id=1526567406), date=datetime.datetime(2023, 7, 8, 10, 58, 58, tzinfo=datetime.timezone.utc), message='AAA-REPLY', out=False, mentioned=False, media_unread=False, silent=False, post=True, from_scheduled=False, legacy=False, edit_hide=False, pinned=False, noforwards=False, from_id=None, fwd_from=None, via_bot_id=None, reply_to=MessageReplyHeader(reply_to_msg_id=6840, reply_to_scheduled=False, reply_to_peer_id=None, reply_to_top_id=None), media=None, reply_markup=None, entities=[], views=1, forwards=0, replies=None, edit_date=None, post_author=None, grouped_id=None, reactions=None, restriction_reason=[], ttl_period=None)
[2023-07-08 13:59:08,361 : DEBUG : main ]:  [main_loop]: message edit check time . . .
[2023-07-08 13:59:19,359 : DEBUG : main ]:  [main_loop]: message edit check time . . .
[2023-07-08 13:59:30,358 : DEBUG : main ]:  [main_loop]: message edit check time . . .
[2023-07-08 13:59:40,365 : DEBUG : main ]:  [main_loop]: message edit check time . . .
[2023-07-08 13:59:50,372 : DEBUG : main ]:  [main_loop]: message edit check time . . .
[2023-07-08 14:04:54,348 : INFO : main ]:  [main]: [SESSION START] - log init OK
[2023-07-08 14:04:54,349 : INFO : main ]:  [main]: telegram cfg init OK
[2023-07-08 14:04:54,349 : INFO : main ]:  [1] GROUP: TEST_SIGNALS

[2023-07-08 14:04:54,349 : INFO : main ]:      [1] MAP for chat [ TMMT-1 (1526567406) ] OK
[2023-07-08 14:04:54,349 : INFO : main ]:  [main]: channels data init OK - total chats to monitor 1
[2023-07-08 14:04:54,886 : INFO : main ]:  [main]: telegram client init OK
[2023-07-08 14:04:55,101 : INFO : main ]:  [main]: channels peer obj init OK
[2023-07-08 14:04:55,102 : DEBUG : main ]:  [main_loop]: message edit check time . . .
[2023-07-08 14:05:05,109 : DEBUG : main ]:  [main_loop]: message edit check time . . .
[2023-07-08 14:05:15,115 : DEBUG : main ]:  [main_loop]: message edit check time . . .
[2023-07-08 14:05:22,433 : INFO : main ]:  New Message:
{'channel_id': 1526567406, 'message_txt': 'BBB', 'message_id': 6843, 'message_media': None, 'message_reply_id': None}
[2023-07-08 14:05:25,131 : DEBUG : main ]:  [main_loop]: message edit check time . . .
[2023-07-08 14:05:25,959 : INFO : main ]:  New Message:
{'channel_id': 1526567406, 'message_txt': 'CCC', 'message_id': 6844, 'message_media': None, 'message_reply_id': None}
[2023-07-08 14:05:34,315 : INFO : main ]:  New Message:
{'channel_id': 1526567406, 'message_txt': 'DDD', 'message_id': 6845, 'message_media': None, 'message_reply_id': 6843}
[2023-07-08 14:05:34,316 : INFO : main ]:  Message [ReplyType] detected: this message: [6845] ---> replied to: [6843]
[2023-07-08 14:05:34,316 : DEBUG : main ]:  Message [ReplyType]: "replied_message" Chat Entity retrieved success:
Channel(id=1526567406, title='TMMT-1', photo=ChatPhotoEmpty(), date=datetime.datetime(2023, 2, 14, 9, 9, 5, tzinfo=datetime.timezone.utc), creator=False, left=False, broadcast=True, verified=False, megagroup=False, restricted=False, signatures=False, min=False, scam=False, has_link=False, has_geo=False, slowmode_enabled=False, call_active=False, call_not_empty=False, fake=False, gigagroup=False, noforwards=False, join_to_send=False, join_request=False, access_hash=5311451604564770244, username='tmmt1', restriction_reason=[], admin_rights=ChatAdminRights(change_info=True, post_messages=True, edit_messages=True, delete_messages=True, ban_users=True, invite_users=True, pin_messages=False, add_admins=False, anonymous=False, manage_call=True, other=True), banned_rights=None, default_banned_rights=None, participants_count=None)
[2023-07-08 14:05:34,374 : INFO : main ]:  Message [ReplyType]: "replied_message" Message OBJ retrieved success:
Message(id=6843, peer_id=PeerChannel(channel_id=1526567406), date=datetime.datetime(2023, 7, 8, 11, 5, 22, tzinfo=datetime.timezone.utc), message='BBB', out=False, mentioned=False, media_unread=False, silent=False, post=True, from_scheduled=False, legacy=False, edit_hide=False, pinned=False, noforwards=False, from_id=None, fwd_from=None, via_bot_id=None, reply_to=None, media=None, reply_markup=None, entities=[], views=1, forwards=0, replies=None, edit_date=None, post_author=None, grouped_id=None, reactions=None, restriction_reason=[], ttl_period=None)
[2023-07-08 14:05:35,141 : DEBUG : main ]:  [main_loop]: message edit check time . . .
[2023-07-08 14:05:46,137 : DEBUG : main ]:  [main_loop]: message edit check time . . .
[2023-07-08 14:05:56,146 : DEBUG : main ]:  [main_loop]: message edit check time . . .
[2023-07-08 14:06:06,153 : DEBUG : main ]:  [main_loop]: message edit check time . . .
[2023-07-08 14:06:16,159 : DEBUG : main ]:  [main_loop]: message edit check time . . .
[2023-07-08 14:06:26,166 : DEBUG : main ]:  [main_loop]: message edit check time . . .
[2023-07-08 14:06:36,173 : DEBUG : main ]:  [main_loop]: message edit check time . . .
[2023-07-08 14:06:46,180 : DEBUG : main ]:  [main_loop]: message edit check time . . .
[2023-07-08 14:06:56,183 : DEBUG : main ]:  [main_loop]: message edit check time . . .
[2023-07-08 14:35:13,956 : INFO : main ]:  [main]: [SESSION START] - log init OK
[2023-07-08 14:35:13,957 : INFO : main ]:  [main]: telegram cfg init OK
[2023-07-08 14:35:13,957 : INFO : main ]:  [1] GROUP: TEST_SIGNALS

[2023-07-08 14:35:13,957 : INFO : main ]:      [1] MAP for chat [ TMMT-1 (1526567406) ] OK
[2023-07-08 14:35:13,958 : INFO : main ]:  [main]: channels data init OK - total chats to monitor 1
[2023-07-08 14:35:14,537 : INFO : main ]:  [main]: telegram client init OK
[2023-07-08 14:35:14,808 : INFO : main ]:  [main]: channels peer obj init OK
[2023-07-08 14:35:14,808 : DEBUG : main ]:  [main_loop]: message edit check time . . .
[2023-07-08 14:35:24,822 : DEBUG : main ]:  [main_loop]: message edit check time . . .
[2023-07-08 14:35:31,906 : INFO : main ]:  New Message:
{'channel_id': 1526567406, 'message_txt': 'AAA', 'message_id': 6846, 'message_media': None, 'message_reply_id': None}
[2023-07-08 14:35:34,834 : DEBUG : main ]:  [main_loop]: message edit check time . . .
[2023-07-08 14:35:44,841 : DEBUG : main ]:  [main_loop]: message edit check time . . .
[2023-07-08 14:35:54,848 : DEBUG : main ]:  [main_loop]: message edit check time . . .
[2023-07-08 14:36:00,124 : INFO : main ]:  New Message:
{'channel_id': 1526567406, 'message_txt': 'GOLD SIGNAL\nThis is Potential SIgnal Message', 'message_id': 6847, 'message_media': None, 'message_reply_id': None}
[2023-07-08 14:36:00,125 : INFO : main ]:  Message [6847] > added to edit monitor list
[2023-07-08 14:36:04,864 : DEBUG : main ]:  [main_loop]: message edit check time . . .
[2023-07-08 14:36:14,932 : DEBUG : main ]:  [main_loop]: message edit check time . . .
[2023-07-08 14:36:25,125 : DEBUG : main ]:  [main_loop]: message edit check time . . .
[2023-07-08 14:36:25,235 : DEBUG : main ]:  [debug]:[edit_monitoring]: Message [6847] > Edit time: [2023-07-08 11:36:16+00:00]  |  checks_count = 2
[2023-07-08 14:36:25,235 : DEBUG : main ]:  [main_loop]: message edit > forwarding edited message [6847] . . .
[2023-07-08 14:36:25,235 : INFO : main ]:  Edited Message:
{'channel_id': 1526567406, 'message_txt': 'GOLD SIGNAL\nBTC USD\nThis is Potential SIgnal Message', 'message_id': 6847, 'message_media': None, 'message_reply_id': None, 'checks_count': 2}
[2023-07-08 14:37:11,108 : INFO : main ]:  [main]: [SESSION START] - log init OK
[2023-07-08 14:37:11,108 : INFO : main ]:  [main]: telegram cfg init OK
[2023-07-08 14:37:11,108 : INFO : main ]:  [1] GROUP: TEST_SIGNALS

[2023-07-08 14:37:11,109 : INFO : main ]:      [1] MAP for chat [ TMMT-1 (1526567406) ] OK
[2023-07-08 14:37:11,109 : INFO : main ]:  [main]: channels data init OK - total chats to monitor 1
[2023-07-08 14:37:11,686 : INFO : main ]:  [main]: telegram client init OK
[2023-07-08 14:37:11,938 : INFO : main ]:  [main]: channels peer obj init OK
[2023-07-08 14:37:11,938 : DEBUG : main ]:  [main_loop]: message edit check time . . .
[2023-07-08 14:37:21,944 : DEBUG : main ]:  [main_loop]: message edit check time . . .
[2023-07-08 14:37:31,961 : DEBUG : main ]:  [main_loop]: message edit check time . . .
[2023-07-08 14:37:33,060 : INFO : main ]:  New Message:
{'channel_id': 1526567406, 'message_txt': 'GOLD SIGNAL\nThis is Potential Signal Message', 'message_id': 6848, 'message_media': None, 'message_reply_id': None}
[2023-07-08 14:37:33,061 : INFO : main ]:  Message [6848] > added to edit monitor list
[2023-07-08 14:37:41,973 : DEBUG : main ]:  [main_loop]: message edit check time . . .
[2023-07-08 14:37:52,080 : DEBUG : main ]:  [main_loop]: message edit check time . . .
[2023-07-08 14:38:03,236 : DEBUG : main ]:  [main_loop]: message edit check time . . .
[2023-07-08 14:38:03,383 : DEBUG : main ]:  [debug]:[edit_monitoring]: Message [6848] > Edit time: [2023-07-08 11:37:53+00:00]  |  checks_count = 2
[2023-07-08 14:38:03,383 : DEBUG : main ]:  [main_loop]: message edit > forwarding edited message [6848] . . .
[2023-07-08 14:38:03,383 : INFO : main ]:  Edited Message:
{'channel_id': 1526567406, 'message_txt': 'GOLD SIGNAL\nBTC-USDT\nThis is Potential Signal Message', 'message_id': 6848, 'message_media': None, 'message_reply_id': None, 'checks_count': 2}
[2023-07-08 14:38:14,097 : DEBUG : main ]:  [main_loop]: message edit check time . . .
[2023-07-08 14:38:24,103 : DEBUG : main ]:  [main_loop]: message edit check time . . .
[2023-07-08 14:38:34,110 : DEBUG : main ]:  [main_loop]: message edit check time . . .
[2023-07-08 14:50:58,179 : INFO : main ]:  [main]: [SESSION START] - log init OK
[2023-07-08 14:50:58,179 : INFO : main ]:  [main]: telegram cfg init OK
[2023-07-08 14:50:58,180 : INFO : main ]:  [1] GROUP: TEST_SIGNALS

[2023-07-08 14:50:58,180 : INFO : main ]:      [1] MAP for chat [ TMMT-1 (1526567406) ] OK
[2023-07-08 14:50:58,180 : INFO : main ]:  [main]: channels data init OK - total chats to monitor 1
[2023-07-08 14:50:58,616 : INFO : main ]:  [main]: telegram client init OK
[2023-07-08 14:50:58,822 : INFO : main ]:  [main]: channels peer obj init OK
[2023-07-08 14:50:58,823 : DEBUG : main ]:  [main_loop]: message edit check time . . .
[2023-07-08 14:51:07,916 : INFO : main ]:  Message [6849] > is from "edit monitored" channel > added to edit monitor list
[2023-07-08 14:51:07,917 : INFO : main ]:  New Message:
{'channel_id': 1526567406, 'message_txt': 'GOLD SIGNAL', 'message_id': 6849, 'message_media': None, 'message_reply_id': None, 'checks_count': 0}
[2023-07-08 14:51:08,825 : DEBUG : main ]:  [main_loop]: message edit check time . . .
[2023-07-08 14:51:18,902 : DEBUG : main ]:  [main_loop]: message edit check time . . .
[2023-07-08 14:51:28,993 : DEBUG : main ]:  [main_loop]: message edit check time . . .
[2023-07-08 14:51:29,058 : DEBUG : main ]:  [main_loop]: message edit > message [6849] exceeds max checks > removing from monitoring
[2023-07-08 14:51:39,066 : DEBUG : main ]:  [main_loop]: message edit check time . . .
[2023-07-08 14:53:25,148 : INFO : main ]:  [main]: [SESSION START] - log init OK
[2023-07-08 14:53:25,149 : INFO : main ]:  [main]: telegram cfg init OK
[2023-07-08 14:53:25,150 : INFO : main ]:  [1] GROUP: TEST_SIGNALS

[2023-07-08 14:53:25,151 : INFO : main ]:      [1] MAP for chat [ TMMT-1 (1526567406) ] OK
[2023-07-08 14:53:25,151 : INFO : main ]:  [main]: channels data init OK - total chats to monitor 1
[2023-07-08 14:53:25,595 : INFO : main ]:  [main]: telegram client init OK
[2023-07-08 14:53:25,789 : INFO : main ]:  [main]: channels peer obj init OK
[2023-07-08 14:53:25,789 : DEBUG : main ]:  [main_loop]: message edit check time . . .
[2023-07-08 14:53:35,796 : DEBUG : main ]:  [main_loop]: message edit check time . . .
[2023-07-08 14:53:36,229 : INFO : main ]:  Message [6850] > is from "edit monitored" channel > added to edit monitor list
[2023-07-08 14:53:36,232 : INFO : main ]:  New Message:
{'channel_id': 1526567406, 'message_txt': 'GOLD SIGNAL', 'message_id': 6850, 'message_media': None, 'message_reply_id': None, 'checks_count': 0}
[2023-07-08 14:53:45,801 : DEBUG : main ]:  [main_loop]: message edit check time . . .
[2023-07-08 14:53:55,890 : DEBUG : main ]:  [main_loop]: message edit check time . . .
[2023-07-08 14:54:06,017 : DEBUG : main ]:  [main_loop]: message edit check time . . .
[2023-07-08 14:54:06,079 : DEBUG : main ]:  [main_loop]: message edit > message [6850] exceeds max checks > removing from monitoring
[2023-07-08 14:58:17,386 : INFO : main ]:  [main]: [SESSION START] - log init OK
[2023-07-08 14:58:17,387 : INFO : main ]:  [main]: telegram cfg init OK
[2023-07-08 14:58:17,388 : INFO : main ]:  [1] GROUP: TEST_SIGNALS

[2023-07-08 14:58:17,388 : INFO : main ]:      [1] MAP for chat [ TMMT-1 (1526567406) ] OK
[2023-07-08 14:58:17,389 : INFO : main ]:  [main]: channels data init OK - total chats to monitor 1
[2023-07-08 14:58:18,012 : INFO : main ]:  [main]: telegram client init OK
[2023-07-08 14:58:18,231 : INFO : main ]:  [main]: channels peer obj init OK
[2023-07-08 14:58:18,232 : DEBUG : main ]:  [main_loop]: message edit check time . . .
[2023-07-08 14:58:28,239 : DEBUG : main ]:  [main_loop]: message edit check time . . .
[2023-07-08 14:58:38,246 : DEBUG : main ]:  [main_loop]: message edit check time . . .
[2023-07-08 14:58:48,253 : DEBUG : main ]:  [main_loop]: message edit check time . . .
[2023-07-08 14:58:58,260 : DEBUG : main ]:  [main_loop]: message edit check time . . .
[2023-07-08 14:59:08,267 : DEBUG : main ]:  [main_loop]: message edit check time . . .
[2023-07-08 14:59:18,283 : DEBUG : main ]:  [main_loop]: message edit check time . . .
[2023-07-08 14:59:28,289 : DEBUG : main ]:  [main_loop]: message edit check time . . .
[2023-07-08 14:59:38,297 : DEBUG : main ]:  [main_loop]: message edit check time . . .
[2023-07-08 14:59:48,304 : DEBUG : main ]:  [main_loop]: message edit check time . . .
[2023-07-08 14:59:58,311 : DEBUG : main ]:  [main_loop]: message edit check time . . .
[2023-07-08 15:00:08,318 : DEBUG : main ]:  [main_loop]: message edit check time . . .
[2023-07-08 15:00:18,322 : DEBUG : main ]:  [main_loop]: message edit check time . . .
[2023-07-08 15:00:28,330 : DEBUG : main ]:  [main_loop]: message edit check time . . .
[2023-07-08 15:00:38,337 : DEBUG : main ]:  [main_loop]: message edit check time . . .
[2023-07-08 15:00:48,343 : DEBUG : main ]:  [main_loop]: message edit check time . . .
[2023-07-08 15:00:58,351 : DEBUG : main ]:  [main_loop]: message edit check time . . .
[2023-07-08 15:00:59,892 : INFO : main ]:  Message [6851] > is from "edit monitored" channel > added to edit monitor list
[2023-07-08 15:00:59,896 : INFO : main ]:  New Message:
{'channel_id': 1526567406, 'message_txt': 'GOLD SIGNAL', 'message_id': 6851, 'message_media': None, 'message_reply_id': None, 'checks_count': 0}
[2023-07-08 15:01:08,372 : DEBUG : main ]:  [main_loop]: message edit check time . . .
[2023-07-08 15:01:15,333 : INFO : main ]:  Message [6852] > is from "edit monitored" channel, but not passed the string filter
[2023-07-08 15:01:15,338 : INFO : main ]:  New Message:
{'channel_id': 1526567406, 'message_txt': 'aaa', 'message_id': 6852, 'message_media': None, 'message_reply_id': None}
[2023-07-08 15:01:18,676 : DEBUG : main ]:  [main_loop]: message edit check time . . .
[2023-07-08 15:01:28,749 : DEBUG : main ]:  [main_loop]: message edit check time . . .
[2023-07-08 15:01:28,905 : DEBUG : main ]:  [main_loop]: message edit > message [6851] exceeds max checks > removing from monitoring
[2023-07-08 15:01:38,912 : DEBUG : main ]:  [main_loop]: message edit check time . . .
[2023-07-08 15:01:48,919 : DEBUG : main ]:  [main_loop]: message edit check time . . .
[2023-07-08 15:20:02,070 : INFO : main ]:  [main]: [SESSION START] - log init OK
[2023-07-08 15:20:02,071 : INFO : main ]:  [main]: telegram cfg init OK
[2023-07-08 15:20:02,071 : INFO : main ]:  [1] GROUP: TEST_SIGNALS

[2023-07-08 15:20:02,071 : INFO : main ]:      [1] MAP for chat [ TMMT-1 (1526567406) ] OK
[2023-07-08 15:20:02,071 : INFO : main ]:  [main]: channels data init OK - total chats to monitor 1
[2023-07-08 15:20:02,730 : INFO : main ]:  [main]: telegram client init OK
[2023-07-08 15:20:03,034 : INFO : main ]:  [main]: channels peer obj init OK
[2023-07-08 15:20:03,034 : DEBUG : main ]:  [main_loop]: message edit check time . . .
[2023-07-08 15:45:06,183 : INFO : main ]:  [main]: [SESSION START] - log init OK
[2023-07-08 15:45:06,183 : INFO : main ]:  [main]: telegram cfg init OK
[2023-07-08 15:45:06,184 : INFO : main ]:  [1] GROUP: TEST_SIGNALS

[2023-07-08 15:45:06,184 : INFO : main ]:      [1] MAP for chat [ TMMT-1 (1526567406) ] OK
[2023-07-08 15:45:06,184 : INFO : main ]:  [main]: channels data init OK - total chats to monitor 1
[2023-07-08 15:45:06,852 : INFO : main ]:  [main]: telegram client init OK
[2023-07-08 15:45:07,143 : INFO : main ]:  [main]: channels peer obj init OK
[2023-07-08 15:45:07,143 : DEBUG : main ]:  [main_loop]: message edit check time . . .
[2023-07-08 15:45:17,151 : DEBUG : main ]:  [main_loop]: message edit check time . . .
[2023-07-08 15:45:25,070 : INFO : main ]:  New Message:
{'channel_id': 1526567406, 'message_txt': 'AAA', 'message_id': 6853, 'message_media': None, 'message_reply_id': None}
[2023-07-08 15:45:25,070 : INFO : main ]:  Message [6853] > added to edit monitor list
[2023-07-08 15:45:28,151 : DEBUG : main ]:  [main_loop]: message edit check time . . .
[2023-07-08 15:45:38,217 : DEBUG : main ]:  [main_loop]: message edit check time . . .
[2023-07-08 15:45:41,338 : INFO : main ]:  New Message:
{'channel_id': 1526567406, 'message_txt': 'GOLD SIGNAL', 'message_id': 6854, 'message_media': None, 'message_reply_id': None}
[2023-07-08 15:45:41,339 : INFO : main ]:  Message [6854] > added to edit monitor list
[2023-07-08 15:45:48,283 : DEBUG : main ]:  [main_loop]: message edit check time . . .
[2023-07-08 15:45:48,419 : DEBUG : main ]:  [main_loop]: message edit > message [6853] exceeds max checks > removing from monitoring
[2023-07-08 15:45:58,561 : DEBUG : main ]:  [main_loop]: message edit check time . . .
[2023-07-08 15:46:09,667 : DEBUG : main ]:  [main_loop]: message edit check time . . .
[2023-07-08 15:46:09,735 : DEBUG : main ]:  [main_loop]: message edit > message [6854] exceeds max checks > removing from monitoring
[2023-07-08 15:46:19,742 : DEBUG : main ]:  [main_loop]: message edit check time . . .
[2023-07-08 15:46:29,749 : DEBUG : main ]:  [main_loop]: message edit check time . . .
[2023-07-08 15:46:39,756 : DEBUG : main ]:  [main_loop]: message edit check time . . .
[2023-07-08 15:46:49,763 : DEBUG : main ]:  [main_loop]: message edit check time . . .
[2023-07-08 15:46:59,769 : DEBUG : main ]:  [main_loop]: message edit check time . . .
[2023-07-08 15:47:09,785 : DEBUG : main ]:  [main_loop]: message edit check time . . .
[2023-07-08 15:47:19,792 : DEBUG : main ]:  [main_loop]: message edit check time . . .
[2023-07-08 15:47:29,799 : DEBUG : main ]:  [main_loop]: message edit check time . . .
[2023-07-08 15:47:39,806 : DEBUG : main ]:  [main_loop]: message edit check time . . .
[2023-07-08 15:47:49,812 : DEBUG : main ]:  [main_loop]: message edit check time . . .
[2023-07-08 15:47:59,819 : DEBUG : main ]:  [main_loop]: message edit check time . . .
[2023-07-08 15:48:09,824 : DEBUG : main ]:  [main_loop]: message edit check time . . .
[2023-07-08 15:48:19,831 : DEBUG : main ]:  [main_loop]: message edit check time . . .
[2023-07-08 15:51:10,085 : INFO : main ]:  [main]: [SESSION START] - log init OK
[2023-07-08 15:51:10,086 : INFO : main ]:  [main]: telegram cfg init OK
[2023-07-08 15:51:10,086 : INFO : main ]:  [1] GROUP: TEST_SIGNALS

[2023-07-08 15:51:10,086 : INFO : main ]:      [1] MAP for chat [ TMMT-1 (1526567406) ] OK
[2023-07-08 15:51:10,086 : INFO : main ]:  [main]: channels data init OK - total chats to monitor 1
[2023-07-08 15:51:10,665 : INFO : main ]:  [main]: telegram client init OK
[2023-07-08 15:51:10,874 : INFO : main ]:  [main]: channels peer obj init OK
[2023-07-08 15:51:10,875 : DEBUG : main ]:  [main_loop]: message edit check time . . .
[2023-07-08 15:51:14,546 : INFO : main ]:  Message [6855] > is from "edit monitored" channel, but not passed the string filter
[2023-07-08 15:51:14,547 : INFO : main ]:  New Message:
{'channel_id': 1526567406, 'message_txt': 'AAA', 'message_id': 6855, 'message_media': None, 'message_reply_id': None}
[2023-07-08 15:51:20,881 : DEBUG : main ]:  [main_loop]: message edit check time . . .
[2023-07-08 15:51:24,936 : INFO : main ]:  Message [6856] > is from "edit monitored" channel > added to edit monitor list
[2023-07-08 15:51:24,937 : INFO : main ]:  New Message:
{'channel_id': 1526567406, 'message_txt': 'GOLD SIGNAL', 'message_id': 6856, 'message_media': None, 'message_reply_id': None, 'checks_count': 0}
[2023-07-08 15:51:30,895 : DEBUG : main ]:  [main_loop]: message edit check time . . .
[2023-07-08 15:51:40,995 : DEBUG : main ]:  [main_loop]: message edit check time . . .
[2023-07-08 15:51:51,120 : DEBUG : main ]:  [main_loop]: message edit check time . . .
[2023-07-08 15:51:51,181 : DEBUG : main ]:  [debug]:[edit_monitoring]: Message [6856] > Edit time: [2023-07-08 12:51:41+00:00]  |  checks_count = 2
[2023-07-08 15:51:51,181 : DEBUG : main ]:  [main_loop]: message edit > forwarding edited message [6856] . . .
[2023-07-08 15:51:51,181 : INFO : main ]:  Edited Message:
{'channel_id': 1526567406, 'message_txt': 'GOLD SIGNAL\nUSD to CAD', 'message_id': 6856, 'message_media': None, 'message_reply_id': None, 'checks_count': 2}
[2023-07-08 15:52:01,869 : DEBUG : main ]:  [main_loop]: message edit check time . . .
[2023-07-08 15:52:11,878 : DEBUG : main ]:  [main_loop]: message edit check time . . .
[2023-07-08 15:52:21,884 : DEBUG : main ]:  [main_loop]: message edit check time . . .
[2023-07-08 15:52:31,891 : DEBUG : main ]:  [main_loop]: message edit check time . . .
[2023-07-08 15:52:41,898 : DEBUG : main ]:  [main_loop]: message edit check time . . .
[2023-07-08 15:52:51,905 : DEBUG : main ]:  [main_loop]: message edit check time . . .
[2023-07-08 15:53:01,911 : DEBUG : main ]:  [main_loop]: message edit check time . . .
[2023-07-08 15:53:11,915 : DEBUG : main ]:  [main_loop]: message edit check time . . .
[2023-07-08 15:53:21,922 : DEBUG : main ]:  [main_loop]: message edit check time . . .
[2023-07-08 15:53:31,929 : DEBUG : main ]:  [main_loop]: message edit check time . . .
[2023-07-08 15:53:41,936 : DEBUG : main ]:  [main_loop]: message edit check time . . .
[2023-07-08 15:53:51,943 : DEBUG : main ]:  [main_loop]: message edit check time . . .
[2023-07-08 16:05:28,138 : INFO : main ]:  [main]: [SESSION START] - log init OK
[2023-07-08 16:05:28,138 : INFO : main ]:  [main]: telegram cfg init OK
[2023-07-08 16:05:28,139 : INFO : main ]:  [1] GROUP: TEST_SIGNALS

[2023-07-08 16:05:28,139 : INFO : main ]:      [1] MAP for chat [ TMMT-1 (1526567406) ] OK
[2023-07-08 16:05:28,139 : INFO : main ]:  [main]: channels data init OK - total chats to monitor 1
[2023-07-08 16:05:28,569 : INFO : main ]:  [main]: telegram client init OK
[2023-07-08 16:05:28,786 : INFO : main ]:  [main]: channels peer obj init OK
[2023-07-08 16:05:28,787 : DEBUG : main ]:  [main_loop]: message edit check time . . .
[2023-07-08 16:05:38,794 : DEBUG : main ]:  [main_loop]: message edit check time . . .
[2023-07-08 16:05:41,169 : INFO : main ]:  Message [6857] > is from "edit monitored" channel, but not passed the string filter
[2023-07-08 16:05:41,169 : INFO : main ]:  New Message:
{'channel_id': 1526567406, 'message_txt': 'AAA', 'message_id': 6857, 'message_media': None, 'message_reply_id': None}
[2023-07-08 16:05:48,805 : DEBUG : main ]:  [main_loop]: message edit check time . . .
[2023-07-08 16:05:53,737 : INFO : main ]:  Message [6858] > is from "edit monitored" channel > added to edit monitor list
[2023-07-08 16:05:53,738 : INFO : main ]:  New Message:
{'channel_id': 1526567406, 'message_txt': 'GOLD SIGNAL\nAAA', 'message_id': 6858, 'message_media': None, 'message_reply_id': None, 'checks_count': 0}
[2023-07-08 16:05:58,819 : DEBUG : main ]:  [main_loop]: message edit check time . . .
[2023-07-08 16:06:08,886 : DEBUG : main ]:  [main_loop]: message edit check time . . .
[2023-07-08 16:06:08,947 : DEBUG : main ]:  [debug]:[edit_monitoring]: Message [6858] > Edit time: [2023-07-08 13:06:05+00:00]  |  checks_count = 1
[2023-07-08 16:06:08,947 : DEBUG : main ]:  [main_loop]: message edit > forwarding edited message [6858] . . .
[2023-07-08 16:06:08,947 : INFO : main ]:  Edited Message:
{'channel_id': 1526567406, 'message_txt': 'GOLD SIGNAL\nAAA-BBB', 'message_id': 6858, 'message_media': None, 'message_reply_id': None, 'checks_count': 1}
[2023-07-08 16:06:19,601 : DEBUG : main ]:  [main_loop]: message edit check time . . .
[2023-07-08 16:06:29,621 : DEBUG : main ]:  [main_loop]: message edit check time . . .
[2023-07-08 16:17:09,504 : INFO : main ]:  [main]: [SESSION START] - log init OK
[2023-07-08 16:17:09,504 : INFO : main ]:  [main]: telegram cfg init OK
[2023-07-08 16:17:09,504 : INFO : main ]:  [1] GROUP: TEST_SIGNALS

[2023-07-08 16:17:09,504 : INFO : main ]:      [1] MAP for chat [ TMMT-1 (1526567406) ] OK
[2023-07-08 16:17:09,504 : INFO : main ]:  [main]: channels data init OK - total chats to monitor 1
[2023-07-08 16:17:10,004 : INFO : main ]:  [main]: telegram client init OK
[2023-07-08 16:17:10,239 : INFO : main ]:  [main]: channels peer obj init OK
[2023-07-08 16:17:10,239 : DEBUG : main ]:  [main_loop]: message edit check time . . .
[2023-07-08 16:17:20,242 : DEBUG : main ]:  [main_loop]: message edit check time . . .
[2023-07-08 16:17:30,243 : DEBUG : main ]:  [main_loop]: message edit check time . . .
[2023-07-08 16:17:40,243 : DEBUG : main ]:  [main_loop]: message edit check time . . .
[2023-07-08 16:17:43,556 : INFO : main ]:  Message [6859] > is from "edit monitored" channel > added to edit monitor list
[2023-07-08 16:17:43,556 : INFO : main ]:  New Message:
{'channel_id': 1526567406, 'message_txt': 'GOLD SIGNAL\nincomplete potential message', 'message_id': 6859, 'message_media': None, 'message_reply_id': None, 'checks_count': 0}
[2023-07-08 16:17:50,259 : DEBUG : main ]:  [main_loop]: message edit check time . . .
[2023-07-08 16:18:00,323 : DEBUG : main ]:  [main_loop]: message edit check time . . .
[2023-07-08 16:18:10,401 : DEBUG : main ]:  [main_loop]: message edit check time . . .
[2023-07-08 16:18:10,448 : DEBUG : main ]:  [debug]:[edit_monitoring]: Message [6859] > Edit time: [2023-07-08 13:18:02+00:00]  |  checks_count = 2
[2023-07-08 16:18:10,448 : DEBUG : main ]:  [main_loop]: message edit > forwarding edited message [6859] . . .
[2023-07-08 16:18:10,464 : INFO : main ]:  Edited Message:
{'channel_id': 1526567406, 'message_txt': 'GOLD SIGNAL\nincomplete potential message > message content added', 'message_id': 6859, 'message_media': None, 'message_reply_id': None, 'checks_count': 2}
[2023-07-10 11:07:29,203 : INFO : main ]:  [main]: [SESSION START] - log init OK
[2023-07-10 11:07:29,204 : INFO : main ]:  [main]: telegram cfg init OK
[2023-07-10 11:07:29,204 : INFO : main ]:  [1] GROUP: TEST_SIGNALS

[2023-07-10 11:07:29,205 : INFO : main ]:      [1] MAP for chat [ TMMT-1 (1526567406) ] OK
[2023-07-10 11:07:29,205 : INFO : main ]:  [main]: channels data init OK - total chats to monitor 1
[2023-07-10 11:07:29,773 : INFO : main ]:  [main]: telegram client init OK
[2023-07-10 11:07:30,019 : INFO : main ]:  [main]: channels peer obj init OK
[2023-07-10 11:07:30,019 : DEBUG : main ]:  [main_loop]: message edit check time . . .
[2023-07-10 11:07:40,027 : DEBUG : main ]:  [main_loop]: message edit check time . . .
[2023-07-10 12:32:09,002 : INFO : main ]:  [main]: [SESSION START] - log init OK
[2023-07-10 12:32:09,052 : INFO : main ]:  [main]: telegram cfg init OK
[2023-07-10 12:32:09,052 : INFO : main ]:  [1] GROUP: TEST_SIGNALS

[2023-07-10 12:32:09,053 : INFO : main ]:      [1] MAP for chat [ TMMT-1 (1526567406) ] OK
[2023-07-10 12:32:09,053 : INFO : main ]:  [main]: channels data init OK - total chats to monitor 1
[2023-07-10 12:32:09,746 : INFO : main ]:  [main]: telegram client init OK
[2023-07-10 12:32:10,012 : INFO : main ]:  [main]: channels peer obj init OK
[2023-07-10 12:32:10,012 : DEBUG : main ]:  [main_loop]: message edit check time . . .
[2023-07-10 12:32:20,019 : DEBUG : main ]:  [main_loop]: message edit check time . . .
[2023-07-10 12:32:30,026 : DEBUG : main ]:  [main_loop]: message edit check time . . .
[2023-07-10 12:32:40,032 : DEBUG : main ]:  [main_loop]: message edit check time . . .
[2023-07-10 12:33:35,247 : INFO : main ]:  [main]: [SESSION START] - log init OK
[2023-07-10 12:33:35,247 : INFO : main ]:  [main]: telegram cfg init OK
[2023-07-10 12:33:35,248 : INFO : main ]:  [1] GROUP: TEST_SIGNALS

[2023-07-10 12:33:35,248 : INFO : main ]:      [1] MAP for chat [ TMMT-1 (1526567406) ] OK
[2023-07-10 12:33:35,248 : INFO : main ]:  [main]: channels data init OK - total chats to monitor 1
[2023-07-10 12:33:35,804 : INFO : main ]:  [main]: telegram client init OK
[2023-07-10 12:33:36,012 : INFO : main ]:  [main]: channels peer obj init OK
[2023-07-10 12:33:36,012 : DEBUG : main ]:  [main_loop]: message edit check time . . .
[2023-07-10 12:33:46,019 : DEBUG : main ]:  [main_loop]: message edit check time . . .
[2023-07-10 12:54:07,052 : INFO : main ]:  [main]: [SESSION START] - log init OK
[2023-07-10 12:54:07,053 : INFO : main ]:  [main]: telegram cfg init OK
[2023-07-10 12:54:07,053 : INFO : main ]:  [1] GROUP: TEST_SIGNALS

[2023-07-10 12:54:07,053 : INFO : main ]:      [1] MAP for chat [ TMMT-1 (1526567406) ] OK
[2023-07-10 12:54:07,054 : INFO : main ]:  [main]: channels data init OK - total chats to monitor 1
[2023-07-10 12:54:07,511 : INFO : main ]:  [main]: telegram client init OK
[2023-07-10 12:54:07,722 : DEBUG : main ]:  [main]: dialogs retrieved - total [23]
[2023-07-10 12:54:07,722 : DEBUG : main ]:  [main]: searching Peer OBJ for channel [1526567406]
[2023-07-10 12:54:07,722 : DEBUG : main ]:  [main]: Found Peer OBJ for channel [1526567406]
[2023-07-10 12:54:07,723 : INFO : main ]:  [main]: channels peer obj init OK
[2023-07-10 12:54:07,723 : DEBUG : main ]:  [main_loop]: message edit check time > total messages: 0
[2023-07-10 12:54:07,724 : DEBUG : main ]:  [main_loop]: message edit check time . . .
